#
# There is insufficient memory for the Java Runtime Environment to continue.
# Native memory allocation (malloc) failed to allocate 459056 bytes for Chunk::new
# Possible reasons:
#   The system is out of physical RAM or swap space
#   The process is running with CompressedOops enabled, and the Java Heap may be blocking the growth of the native heap
# Possible solutions:
#   Reduce memory load on the system
#   Increase physical memory or swap space
#   Check if swap backing store is full
#   Decrease Java heap size (-Xmx/-Xms)
#   Decrease number of Java threads
#   Decrease Java thread stack sizes (-Xss)
#   Set larger code cache with -XX:ReservedCodeCacheSize=
#   JVM is running with Unscaled Compressed Oops mode in which the Java heap is
#     placed in the first 4GB address space. The Java Heap base address is the
#     maximum limit for the native heap growth. Please use -XX:HeapBaseMinAddress
#     to set the Java Heap base and to place the Java Heap above 4GB virtual address.
# This output file may be truncated or incomplete.
#
#  Out of Memory Error (allocation.cpp:389), pid=6692, tid=0x0000000000000640
#
# JRE version: OpenJDK Runtime Environment (8.0_202-b03) (build 1.8.0_202-release-1483-b03)
# Java VM: OpenJDK 64-Bit Server VM (25.202-b03 mixed mode windows-amd64 compressed oops)
# Failed to write core dump. Minidumps are not enabled by default on client versions of Windows
#

---------------  T H R E A D  ---------------

Current thread (0x0000000015b81000):  JavaThread "C2 CompilerThread1" daemon [_thread_in_native, id=1600, stack(0x00000000172d0000,0x00000000173d0000)]

Stack: [0x00000000172d0000,0x00000000173d0000]
[error occurred during error reporting (printing stack bounds), id 0xc0000005]

Native frames: (J=compiled Java code, j=interpreted, Vv=VM code, C=native code)


Current CompileTask:
C2:   7157 2804   !   4       sun.misc.URLClassPath$JarLoader::getResource (353 bytes)


---------------  P R O C E S S  ---------------

Java Threads: ( => current thread )
  0x000000001b9e5800 JavaThread "Cache worker for execution history cache (C:\Users\user\.gradle\caches\5.4.1\executionHistory)" [_thread_blocked, id=4256, stack(0x000000001f700000,0x000000001f800000)]
  0x0000000018f6c000 JavaThread "Cache worker for cache directory md-rule (C:\Users\user\.gradle\caches\5.4.1\md-rule)" [_thread_blocked, id=5128, stack(0x000000001f600000,0x000000001f700000)]
  0x0000000018f69000 JavaThread "Cache worker for cache directory md-supplier (C:\Users\user\.gradle\caches\5.4.1\md-supplier)" [_thread_blocked, id=3888, stack(0x000000001e230000,0x000000001e330000)]
  0x0000000018f6a000 JavaThread "Cache worker for file hash cache (C:\Users\user\AndroidStudioProjects\Bakery\.gradle\5.4.1\fileHashes)" [_thread_blocked, id=7152, stack(0x000000001f500000,0x000000001f600000)]
  0x0000000018f66000 JavaThread "Cache worker for journal cache (C:\Users\user\.gradle\caches\journal-1)" [_thread_blocked, id=1168, stack(0x000000001a6c0000,0x000000001a7c0000)]
  0x0000000018f6b800 JavaThread "File lock request listener" [_thread_in_native, id=5900, stack(0x000000001a5c0000,0x000000001a6c0000)]
  0x0000000018ce0000 JavaThread "Cache worker for file hash cache (C:\Users\user\.gradle\caches\5.4.1\fileHashes)" [_thread_blocked, id=3188, stack(0x000000001a4c0000,0x000000001a5c0000)]
  0x0000000018d45000 JavaThread "Thread-9" [_thread_blocked, id=792, stack(0x000000001a3c0000,0x000000001a4c0000)]
  0x0000000018d42800 JavaThread "Stdin handler" [_thread_blocked, id=1300, stack(0x000000001a2c0000,0x000000001a3c0000)]
  0x0000000018d54000 JavaThread "Asynchronous log dispatcher for DefaultDaemonConnection: socket connection from /127.0.0.1:57142 to /127.0.0.1:57143" [_thread_blocked, id=7496, stack(0x000000001a1c0000,0x000000001a2c0000)]
  0x0000000018dc6000 JavaThread "Daemon worker" [_thread_in_native, id=2772, stack(0x000000001a0c0000,0x000000001a1c0000)]
  0x0000000018d57800 JavaThread "Cancel handler" [_thread_blocked, id=7356, stack(0x0000000019fc0000,0x000000001a0c0000)]
  0x0000000018d1c000 JavaThread "Handler for socket connection from /127.0.0.1:57142 to /127.0.0.1:57143" [_thread_in_native, id=5000, stack(0x0000000019cc0000,0x0000000019dc0000)]
  0x0000000018d18800 JavaThread "Daemon" [_thread_blocked, id=4344, stack(0x0000000019bc0000,0x0000000019cc0000)]
  0x0000000018f0e000 JavaThread "Daemon periodic checks" [_thread_blocked, id=1220, stack(0x0000000019ac0000,0x0000000019bc0000)]
  0x0000000018f0b000 JavaThread "Incoming local TCP Connector on port 57142" [_thread_in_native, id=5732, stack(0x00000000198e0000,0x00000000199e0000)]
  0x0000000018918800 JavaThread "Daemon health stats" [_thread_blocked, id=5100, stack(0x00000000192a0000,0x00000000193a0000)]
  0x0000000015bdb800 JavaThread "Service Thread" daemon [_thread_blocked, id=4252, stack(0x00000000178d0000,0x00000000179d0000)]
  0x0000000015b84000 JavaThread "C1 CompilerThread2" daemon [_thread_blocked, id=4760, stack(0x00000000173d0000,0x00000000174d0000)]
=>0x0000000015b81000 JavaThread "C2 CompilerThread1" daemon [_thread_in_native, id=1600, stack(0x00000000172d0000,0x00000000173d0000)]
  0x0000000015b7c800 JavaThread "C2 CompilerThread0" daemon [_thread_blocked, id=4012, stack(0x00000000171d0000,0x00000000172d0000)]
  0x0000000015b7b800 JavaThread "Attach Listener" daemon [_thread_blocked, id=5296, stack(0x00000000170d0000,0x00000000171d0000)]
  0x0000000015b7a800 JavaThread "Signal Dispatcher" daemon [_thread_blocked, id=6336, stack(0x0000000016fd0000,0x00000000170d0000)]
  0x000000000220d800 JavaThread "Finalizer" daemon [_thread_blocked, id=7420, stack(0x0000000016df0000,0x0000000016ef0000)]
  0x0000000015b69800 JavaThread "Reference Handler" daemon [_thread_blocked, id=960, stack(0x0000000016cf0000,0x0000000016df0000)]
  0x0000000001ecd800 JavaThread "main" [_thread_blocked, id=7348, stack(0x0000000002010000,0x0000000002110000)]

Other Threads:
  0x0000000015b47000 VMThread [stack: 0x0000000016bf0000,0x0000000016cf0000] [id=4528]
  0x00000000174f9000 WatcherThread [stack: 0x00000000179d0000,0x0000000017ad0000] [id=5724]

VM state:not at safepoint (normal execution)

VM Mutex/Monitor currently owned by a thread: None

heap address: 0x00000000a0000000, size: 1536 MB, Compressed Oops mode: 32-bit
Narrow klass base: 0x0000000000000000, Narrow klass shift: 3
Compressed class space size: 1073741824 Address: 0x0000000100000000

Heap:
 PSYoungGen      total 127488K, used 29602K [0x00000000e0000000, 0x00000000e8c80000, 0x0000000100000000)
  eden space 117248K, 16% used [0x00000000e0000000,0x00000000e12eadc0,0x00000000e7280000)
  from space 10240K, 99% used [0x00000000e7280000,0x00000000e7c7dc48,0x00000000e7c80000)
  to   space 12288K, 0% used [0x00000000e8080000,0x00000000e8080000,0x00000000e8c80000)
 ParOldGen       total 38400K, used 13337K [0x00000000a0000000, 0x00000000a2580000, 0x00000000e0000000)
  object space 38400K, 34% used [0x00000000a0000000,0x00000000a0d067b8,0x00000000a2580000)
 Metaspace       used 34359K, capacity 35266K, committed 35456K, reserved 1079296K
  class space    used 4753K, capacity 4983K, committed 4992K, reserved 1048576K

Card table byte_map: [0x00000000115d0000,0x00000000118e0000] byte_map_base: 0x00000000110d0000

Marking Bits: (ParMarkBitMap*) 0x0000000066e09f30
 Begin Bits: [0x0000000011ee0000, 0x00000000136e0000)
 End Bits:   [0x00000000136e0000, 0x0000000014ee0000)

Polling page: 0x00000000008e0000

CodeCache: size=245760Kb used=11130Kb max_used=11130Kb free=234629Kb
 bounds [0x0000000002210000, 0x0000000002d00000, 0x0000000011210000]
 total_blobs=3523 nmethods=2826 adapters=610
 compilation: enabled

Compilation events (10 events):
Event: 7.023 Thread 0x0000000015b84000 2805       3       java.util.Arrays::rangeCheck (74 bytes)
Event: 7.024 Thread 0x0000000015b84000 nmethod 2805 0x0000000002ccc4d0 code [0x0000000002ccc720, 0x0000000002ccd468]
Event: 7.027 Thread 0x0000000015b84000 2806       3       com.google.common.collect.ImmutableCollection$ArrayBasedBuilder::<init> (25 bytes)
Event: 7.028 Thread 0x0000000015b84000 nmethod 2806 0x0000000002cbdd50 code [0x0000000002cbdec0, 0x0000000002cbe1c8]
Event: 7.028 Thread 0x0000000015b84000 2808       3       org.gradle.internal.instantiation.AbstractClassGenerator$GeneratedClassImpl$GeneratedConstructorImpl::getParameterTypes (8 bytes)
Event: 7.028 Thread 0x0000000015b84000 nmethod 2808 0x0000000002ccbe50 code [0x0000000002ccbfc0, 0x0000000002ccc3a8]
Event: 7.028 Thread 0x0000000015b84000 2807       3       com.google.common.collect.ImmutableCollection$Builder::<init> (5 bytes)
Event: 7.028 Thread 0x0000000015b84000 nmethod 2807 0x0000000002ccba90 code [0x0000000002ccbbe0, 0x0000000002ccbd90]
Event: 7.030 Thread 0x0000000015b84000 2810       1       com.google.common.cache.LocalCache$1::get (2 bytes)
Event: 7.030 Thread 0x0000000015b84000 nmethod 2810 0x0000000002cbda90 code [0x0000000002cbdbe0, 0x0000000002cbdcf0]

GC Heap History (10 events):
Event: 2.215 GC heap before
{Heap before GC invocations=6 (full 0):
 PSYoungGen      total 33280K, used 33264K [0x00000000e0000000, 0x00000000e4700000, 0x0000000100000000)
  eden space 30720K, 100% used [0x00000000e0000000,0x00000000e1e00000,0x00000000e1e00000)
  from space 2560K, 99% used [0x00000000e1e00000,0x00000000e207c010,0x00000000e2080000)
  to   space 5632K, 0% used [0x00000000e4180000,0x00000000e4180000,0x00000000e4700000)
 ParOldGen       total 40960K, used 4909K [0x00000000a0000000, 0x00000000a2800000, 0x00000000e0000000)
  object space 40960K, 11% used [0x00000000a0000000,0x00000000a04cb640,0x00000000a2800000)
 Metaspace       used 15302K, capacity 15700K, committed 16000K, reserved 1062912K
  class space    used 2166K, capacity 2326K, committed 2432K, reserved 1048576K
Event: 2.233 GC heap after
Heap after GC invocations=6 (full 0):
 PSYoungGen      total 66048K, used 5616K [0x00000000e0000000, 0x00000000e4900000, 0x0000000100000000)
  eden space 60416K, 0% used [0x00000000e0000000,0x00000000e0000000,0x00000000e3b00000)
  from space 5632K, 99% used [0x00000000e4180000,0x00000000e46fc228,0x00000000e4700000)
  to   space 6656K, 0% used [0x00000000e3b00000,0x00000000e3b00000,0x00000000e4180000)
 ParOldGen       total 40960K, used 5398K [0x00000000a0000000, 0x00000000a2800000, 0x00000000e0000000)
  object space 40960K, 13% used [0x00000000a0000000,0x00000000a0545b10,0x00000000a2800000)
 Metaspace       used 15302K, capacity 15700K, committed 16000K, reserved 1062912K
  class space    used 2166K, capacity 2326K, committed 2432K, reserved 1048576K
}
Event: 3.564 GC heap before
{Heap before GC invocations=7 (full 0):
 PSYoungGen      total 66048K, used 60706K [0x00000000e0000000, 0x00000000e4900000, 0x0000000100000000)
  eden space 60416K, 91% used [0x00000000e0000000,0x00000000e35cc5e0,0x00000000e3b00000)
  from space 5632K, 99% used [0x00000000e4180000,0x00000000e46fc228,0x00000000e4700000)
  to   space 6656K, 0% used [0x00000000e3b00000,0x00000000e3b00000,0x00000000e4180000)
 ParOldGen       total 40960K, used 5398K [0x00000000a0000000, 0x00000000a2800000, 0x00000000e0000000)
  object space 40960K, 13% used [0x00000000a0000000,0x00000000a0545b10,0x00000000a2800000)
 Metaspace       used 20709K, capacity 21136K, committed 21296K, reserved 1067008K
  class space    used 2958K, capacity 3121K, committed 3200K, reserved 1048576K
Event: 3.579 GC heap after
Heap after GC invocations=7 (full 0):
 PSYoungGen      total 67072K, used 6651K [0x00000000e0000000, 0x00000000e8900000, 0x0000000100000000)
  eden space 60416K, 0% used [0x00000000e0000000,0x00000000e0000000,0x00000000e3b00000)
  from space 6656K, 99% used [0x00000000e3b00000,0x00000000e417ec08,0x00000000e4180000)
  to   space 9728K, 0% used [0x00000000e7f80000,0x00000000e7f80000,0x00000000e8900000)
 ParOldGen       total 40960K, used 9291K [0x00000000a0000000, 0x00000000a2800000, 0x00000000e0000000)
  object space 40960K, 22% used [0x00000000a0000000,0x00000000a0912c38,0x00000000a2800000)
 Metaspace       used 20709K, capacity 21136K, committed 21296K, reserved 1067008K
  class space    used 2958K, capacity 3121K, committed 3200K, reserved 1048576K
}
Event: 3.579 GC heap before
{Heap before GC invocations=8 (full 1):
 PSYoungGen      total 67072K, used 6651K [0x00000000e0000000, 0x00000000e8900000, 0x0000000100000000)
  eden space 60416K, 0% used [0x00000000e0000000,0x00000000e0000000,0x00000000e3b00000)
  from space 6656K, 99% used [0x00000000e3b00000,0x00000000e417ec08,0x00000000e4180000)
  to   space 9728K, 0% used [0x00000000e7f80000,0x00000000e7f80000,0x00000000e8900000)
 ParOldGen       total 40960K, used 9291K [0x00000000a0000000, 0x00000000a2800000, 0x00000000e0000000)
  object space 40960K, 22% used [0x00000000a0000000,0x00000000a0912c38,0x00000000a2800000)
 Metaspace       used 20709K, capacity 21136K, committed 21296K, reserved 1067008K
  class space    used 2958K, capacity 3121K, committed 3200K, reserved 1048576K
Event: 3.633 GC heap after
Heap after GC invocations=8 (full 1):
 PSYoungGen      total 67072K, used 0K [0x00000000e0000000, 0x00000000e8900000, 0x0000000100000000)
  eden space 60416K, 0% used [0x00000000e0000000,0x00000000e0000000,0x00000000e3b00000)
  from space 6656K, 0% used [0x00000000e3b00000,0x00000000e3b00000,0x00000000e4180000)
  to   space 9728K, 0% used [0x00000000e7f80000,0x00000000e7f80000,0x00000000e8900000)
 ParOldGen       total 38400K, used 11791K [0x00000000a0000000, 0x00000000a2580000, 0x00000000e0000000)
  object space 38400K, 30% used [0x00000000a0000000,0x00000000a0b83e50,0x00000000a2580000)
 Metaspace       used 20709K, capacity 21136K, committed 21296K, reserved 1067008K
  class space    used 2958K, capacity 3121K, committed 3200K, reserved 1048576K
}
Event: 4.314 GC heap before
{Heap before GC invocations=9 (full 1):
 PSYoungGen      total 67072K, used 60416K [0x00000000e0000000, 0x00000000e8900000, 0x0000000100000000)
  eden space 60416K, 100% used [0x00000000e0000000,0x00000000e3b00000,0x00000000e3b00000)
  from space 6656K, 0% used [0x00000000e3b00000,0x00000000e3b00000,0x00000000e4180000)
  to   space 9728K, 0% used [0x00000000e7f80000,0x00000000e7f80000,0x00000000e8900000)
 ParOldGen       total 38400K, used 11791K [0x00000000a0000000, 0x00000000a2580000, 0x00000000e0000000)
  object space 38400K, 30% used [0x00000000a0000000,0x00000000a0b83e50,0x00000000a2580000)
 Metaspace       used 27872K, capacity 28396K, committed 28672K, reserved 1073152K
  class space    used 3823K, capacity 4025K, committed 4096K, reserved 1048576K
Event: 4.324 GC heap after
Heap after GC invocations=9 (full 1):
 PSYoungGen      total 99328K, used 7110K [0x00000000e0000000, 0x00000000e8680000, 0x0000000100000000)
  eden space 92160K, 0% used [0x00000000e0000000,0x00000000e0000000,0x00000000e5a00000)
  from space 7168K, 99% used [0x00000000e7f80000,0x00000000e8671908,0x00000000e8680000)
  to   space 10240K, 0% used [0x00000000e7280000,0x00000000e7280000,0x00000000e7c80000)
 ParOldGen       total 38400K, used 11799K [0x00000000a0000000, 0x00000000a2580000, 0x00000000e0000000)
  object space 38400K, 30% used [0x00000000a0000000,0x00000000a0b85e50,0x00000000a2580000)
 Metaspace       used 27872K, capacity 28396K, committed 28672K, reserved 1073152K
  class space    used 3823K, capacity 4025K, committed 4096K, reserved 1048576K
}
Event: 6.642 GC heap before
{Heap before GC invocations=10 (full 1):
 PSYoungGen      total 99328K, used 99270K [0x00000000e0000000, 0x00000000e8680000, 0x0000000100000000)
  eden space 92160K, 100% used [0x00000000e0000000,0x00000000e5a00000,0x00000000e5a00000)
  from space 7168K, 99% used [0x00000000e7f80000,0x00000000e8671908,0x00000000e8680000)
  to   space 10240K, 0% used [0x00000000e7280000,0x00000000e7280000,0x00000000e7c80000)
 ParOldGen       total 38400K, used 11799K [0x00000000a0000000, 0x00000000a2580000, 0x00000000e0000000)
  object space 38400K, 30% used [0x00000000a0000000,0x00000000a0b85e50,0x00000000a2580000)
 Metaspace       used 33242K, capacity 34132K, committed 34304K, reserved 1079296K
  class space    used 4578K, capacity 4779K, committed 4864K, reserved 1048576K
Event: 6.660 GC heap after
Heap after GC invocations=10 (full 1):
 PSYoungGen      total 127488K, used 10231K [0x00000000e0000000, 0x00000000e8c80000, 0x0000000100000000)
  eden space 117248K, 0% used [0x00000000e0000000,0x00000000e0000000,0x00000000e7280000)
  from space 10240K, 99% used [0x00000000e7280000,0x00000000e7c7dc48,0x00000000e7c80000)
  to   space 12288K, 0% used [0x00000000e8080000,0x00000000e8080000,0x00000000e8c80000)
 ParOldGen       total 38400K, used 13337K [0x00000000a0000000, 0x00000000a2580000, 0x00000000e0000000)
  object space 38400K, 34% used [0x00000000a0000000,0x00000000a0d067b8,0x00000000a2580000)
 Metaspace       used 33242K, capacity 34132K, committed 34304K, reserved 1079296K
  class space    used 4578K, capacity 4779K, committed 4864K, reserved 1048576K
}

Deoptimization events (10 events):
Event: 4.324 Thread 0x0000000015b69800 Uncommon trap: reason=unstable_if action=reinterpret pc=0x00000000028389bc method=java.lang.ref.Reference.tryHandlePending(Z)Z @ 104
Event: 5.558 Thread 0x0000000018dc6000 Uncommon trap: reason=unstable_if action=reinterpret pc=0x00000000024733f8 method=java.util.HashMap.getNode(ILjava/lang/Object;)Ljava/util/HashMap$Node; @ 53
Event: 5.558 Thread 0x0000000018dc6000 Uncommon trap: reason=unstable_if action=reinterpret pc=0x0000000002672118 method=java.util.HashMap.hash(Ljava/lang/Object;)I @ 1
Event: 5.558 Thread 0x0000000018dc6000 Uncommon trap: reason=unstable_if action=reinterpret pc=0x0000000002672d6c method=java.util.HashMap.putVal(ILjava/lang/Object;Ljava/lang/Object;ZZ)Ljava/lang/Object; @ 85
Event: 5.657 Thread 0x0000000018dc6000 Uncommon trap: reason=unstable_if action=reinterpret pc=0x0000000002b7d880 method=org.codehaus.groovy.runtime.metaclass.MetaMethodIndex.addMethodToList(Ljava/lang/Object;Lgroovy/lang/MetaMethod;)Ljava/lang/Object; @ 226
Event: 5.757 Thread 0x0000000018dc6000 Uncommon trap: reason=unstable_if action=reinterpret pc=0x0000000002a14488 method=java.util.WeakHashMap.put(Ljava/lang/Object;Ljava/lang/Object;)Ljava/lang/Object; @ 72
Event: 5.779 Thread 0x0000000018dc6000 Uncommon trap: reason=unstable_if action=reinterpret pc=0x0000000002a414c8 method=org.objectweb.asm.ByteVector.putShort(I)Lorg/objectweb/asm/ByteVector; @ 13
Event: 5.804 Thread 0x0000000018dc6000 Uncommon trap: reason=unstable_if action=reinterpret pc=0x0000000002bd9f44 method=org.objectweb.asm.Type.appendDescriptor(Ljava/lang/Class;Ljava/lang/StringBuilder;)V @ 28
Event: 6.167 Thread 0x0000000018dc6000 Uncommon trap: reason=unstable_if action=reinterpret pc=0x0000000002a55150 method=org.gradle.internal.reflect.PropertyAccessorType.isGetGetterName(Ljava/lang/String;)Z @ 14
Event: 6.797 Thread 0x0000000018dc6000 Uncommon trap: reason=unstable_if action=reinterpret pc=0x0000000002bee7e0 method=java.net.URI.match(CJJ)Z @ 45

Classes redefined (0 events):
No events

Internal exceptions (10 events):
Event: 6.603 Thread 0x0000000018dc6000 Exception <a 'java/lang/ClassNotFoundException': org/gradle/api/internal/DefaultNamedDomainObjectCollectionBeanInfo> (0x00000000e56e6738) thrown at [D:\src\AOSP-openjdk-cygwin\jdk8u\hotspot\src\share\vm\classfile\systemDictionary.cpp, line 210]
Event: 6.604 Thread 0x0000000018dc6000 Exception <a 'java/lang/ClassNotFoundException': org/gradle/api/internal/DefaultDomainObjectCollectionBeanInfo> (0x00000000e5715b48) thrown at [D:\src\AOSP-openjdk-cygwin\jdk8u\hotspot\src\share\vm\classfile\systemDictionary.cpp, line 210]
Event: 6.606 Thread 0x0000000018dc6000 Exception <a 'java/lang/ClassNotFoundException': java/util/AbstractCollectionBeanInfo> (0x00000000e571a2a0) thrown at [D:\src\AOSP-openjdk-cygwin\jdk8u\hotspot\src\share\vm\classfile\systemDictionary.cpp, line 210]
Event: 6.606 Thread 0x0000000018dc6000 Exception <a 'java/lang/ClassNotFoundException': java/util/AbstractCollectionCustomizer> (0x00000000e571ea08) thrown at [D:\src\AOSP-openjdk-cygwin\jdk8u\hotspot\src\share\vm\classfile\systemDictionary.cpp, line 210]
Event: 6.611 Thread 0x0000000018dc6000 Exception <a 'java/lang/ClassNotFoundException': org/gradle/api/internal/DefaultDomainObjectCollectionCustomizer> (0x00000000e5759128) thrown at [D:\src\AOSP-openjdk-cygwin\jdk8u\hotspot\src\share\vm\classfile\systemDictionary.cpp, line 210]
Event: 6.614 Thread 0x0000000018dc6000 Exception <a 'java/lang/ClassNotFoundException': org/gradle/api/internal/DefaultNamedDomainObjectCollectionCustomizer> (0x00000000e57b1bc8) thrown at [D:\src\AOSP-openjdk-cygwin\jdk8u\hotspot\src\share\vm\classfile\systemDictionary.cpp, line 210]
Event: 6.621 Thread 0x0000000018dc6000 Exception <a 'java/lang/ClassNotFoundException': org/gradle/api/internal/DefaultNamedDomainObjectListCustomizer> (0x00000000e581a4c8) thrown at [D:\src\AOSP-openjdk-cygwin\jdk8u\hotspot\src\share\vm\classfile\systemDictionary.cpp, line 210]
Event: 6.625 Thread 0x0000000018dc6000 Exception <a 'java/lang/ClassNotFoundException': org/gradle/api/internal/artifacts/DefaultArtifactRepositoryContainerCustomizer> (0x00000000e5887248) thrown at [D:\src\AOSP-openjdk-cygwin\jdk8u\hotspot\src\share\vm\classfile\systemDictionary.cpp, line 210
Event: 6.629 Thread 0x0000000018dc6000 Exception <a 'java/lang/ClassNotFoundException': org/gradle/api/internal/artifacts/dsl/DefaultRepositoryHandlerCustomizer> (0x00000000e58e4878) thrown at [D:\src\AOSP-openjdk-cygwin\jdk8u\hotspot\src\share\vm\classfile\systemDictionary.cpp, line 210]
Event: 6.632 Thread 0x0000000018dc6000 Exception <a 'java/lang/ClassNotFoundException': org/gradle/api/internal/artifacts/dsl/DefaultRepositoryHandler_DecoratedCustomizer> (0x00000000e5957e18) thrown at [D:\src\AOSP-openjdk-cygwin\jdk8u\hotspot\src\share\vm\classfile\systemDictionary.cpp, line

Events (10 events):
Event: 7.028 loading class org/gradle/internal/component/model/MultipleCandidateMatcher$MatchResult done
Event: 7.029 loading class org/gradle/api/internal/attributes/DefaultAttributesSchema$ExtraAttributesEntry
Event: 7.029 loading class org/gradle/api/internal/attributes/DefaultAttributesSchema$ExtraAttributesEntry done
Event: 7.029 loading class org/gradle/internal/component/model/AttributeSelectionUtils
Event: 7.029 loading class org/gradle/internal/component/model/AttributeSelectionUtils done
Event: 7.030 loading class org/gradle/internal/component/model/DefaultMultipleCandidateResult
Event: 7.030 loading class org/gradle/internal/component/model/DefaultMultipleCandidateResult done
Event: 7.031 loading class org/gradle/api/internal/artifacts/dsl/dependencies/PlatformSupport$PreferRegularPlatform
Event: 7.031 loading class org/gradle/api/internal/artifacts/dsl/dependencies/PlatformSupport$PreferRegularPlatform done
Event: 7.032 loading class java/util/HashMap$KeySpliterator


Dynamic libraries:
0x00007ff722050000 - 0x00007ff722081000 	C:\Program Files\Android\Android Studio\jre\bin\java.exe
0x00007ff80cb20000 - 0x00007ff80cce2000 	C:\Windows\SYSTEM32\ntdll.dll
0x00007ff80ca10000 - 0x00007ff80cabd000 	C:\Windows\system32\KERNEL32.DLL
0x00007ff80a010000 - 0x00007ff80a1ed000 	C:\Windows\system32\KERNELBASE.dll
0x00007ff80aac0000 - 0x00007ff80ab66000 	C:\Windows\system32\ADVAPI32.dll
0x00007ff80adc0000 - 0x00007ff80ae5d000 	C:\Windows\system32\msvcrt.dll
0x00007ff80cac0000 - 0x00007ff80cb1b000 	C:\Windows\system32\sechost.dll
0x00007ff80c880000 - 0x00007ff80c9a6000 	C:\Windows\system32\RPCRT4.dll
0x00007ff80a610000 - 0x00007ff80a75e000 	C:\Windows\system32\USER32.dll
0x00007ff80ac30000 - 0x00007ff80adb5000 	C:\Windows\system32\GDI32.dll
0x00007ffffb3f0000 - 0x00007ffffb664000 	C:\Windows\WinSxS\amd64_microsoft.windows.common-controls_6595b64144ccf1df_6.0.10240.16384_none_f41f7b285750ef43\COMCTL32.dll
0x00007ff80c9d0000 - 0x00007ff80ca06000 	C:\Windows\system32\IMM32.DLL
0x00007ff80a3a0000 - 0x00007ff80a4fc000 	C:\Windows\system32\MSCTF.dll
0x0000000066480000 - 0x0000000066552000 	C:\Program Files\Android\Android Studio\jre\jre\bin\msvcr100.dll
0x0000000066640000 - 0x0000000066e86000 	C:\Program Files\Android\Android Studio\jre\jre\bin\server\jvm.dll
0x00007ff80c9b0000 - 0x00007ff80c9b8000 	C:\Windows\system32\PSAPI.DLL
0x00007fffff9f0000 - 0x00007fffff9f9000 	C:\Windows\SYSTEM32\WSOCK32.dll
0x00007ffffd790000 - 0x00007ffffd79a000 	C:\Windows\SYSTEM32\VERSION.dll
0x00007ffff8460000 - 0x00007ffff8483000 	C:\Windows\SYSTEM32\WINMM.dll
0x00007ff80c810000 - 0x00007ff80c879000 	C:\Windows\system32\WS2_32.dll
0x00007ff80c470000 - 0x00007ff80c478000 	C:\Windows\system32\NSI.dll
0x0000000001f00000 - 0x0000000001f2c000 	C:\Windows\SYSTEM32\WINMMBASE.dll
0x00007ff809fc0000 - 0x00007ff80a004000 	C:\Windows\system32\cfgmgr32.dll
0x00007ff807ec0000 - 0x00007ff807ee7000 	C:\Windows\SYSTEM32\DEVOBJ.dll
0x00007ff807a30000 - 0x00007ff807a3f000 	C:\Program Files\Android\Android Studio\jre\jre\bin\verify.dll
0x00007ff804cd0000 - 0x00007ff804cf9000 	C:\Program Files\Android\Android Studio\jre\jre\bin\java.dll
0x00007ff8079f0000 - 0x00007ff807a06000 	C:\Program Files\Android\Android Studio\jre\jre\bin\zip.dll
0x00007ff80af40000 - 0x00007ff80c465000 	C:\Windows\system32\SHELL32.dll
0x00007ff809990000 - 0x00007ff809fb8000 	C:\Windows\system32\windows.storage.dll
0x00007ff80a840000 - 0x00007ff80aabc000 	C:\Windows\system32\combase.dll
0x00007ff80abd0000 - 0x00007ff80ac21000 	C:\Windows\system32\shlwapi.dll
0x00007ff8095e0000 - 0x00007ff8095ef000 	C:\Windows\system32\kernel.appcore.dll
0x00007ff8095f0000 - 0x00007ff8096a3000 	C:\Windows\system32\shcore.dll
0x00007ff809550000 - 0x00007ff80959a000 	C:\Windows\system32\powrprof.dll
0x00007ff8095a0000 - 0x00007ff8095b3000 	C:\Windows\system32\profapi.dll
0x00007ff804c90000 - 0x00007ff804caa000 	C:\Program Files\Android\Android Studio\jre\jre\bin\net.dll
0x00007ff808dc0000 - 0x00007ff808e1d000 	C:\Windows\system32\mswsock.dll
0x00007ff804c70000 - 0x00007ff804c81000 	C:\Program Files\Android\Android Studio\jre\jre\bin\nio.dll
0x00007ff802bb0000 - 0x00007ff802bd6000 	C:\Users\user\.gradle\native\29\windows-amd64\native-platform.dll
0x00007ff807a20000 - 0x00007ff807a2d000 	C:\Program Files\Android\Android Studio\jre\jre\bin\management.dll
0x00007ff808e20000 - 0x00007ff808e37000 	C:\Windows\SYSTEM32\CRYPTSP.dll
0x00007ff809090000 - 0x00007ff8090b8000 	C:\Windows\SYSTEM32\bcrypt.dll
0x00007ff808a70000 - 0x00007ff808aa3000 	C:\Windows\system32\rsaenh.dll
0x00007ff808b60000 - 0x00007ff808b7f000 	C:\Windows\SYSTEM32\USERENV.dll
0x00007ff8093a0000 - 0x00007ff80940b000 	C:\Windows\system32\bcryptprimitives.dll
0x00007ff808f70000 - 0x00007ff808f7b000 	C:\Windows\SYSTEM32\CRYPTBASE.dll
0x00007ff8076a0000 - 0x00007ff8076d8000 	C:\Windows\SYSTEM32\IPHLPAPI.DLL
0x00007ff807680000 - 0x00007ff80768b000 	C:\Windows\SYSTEM32\WINNSI.DLL
0x00007ff803f40000 - 0x00007ff803f56000 	C:\Windows\SYSTEM32\dhcpcsvc6.DLL
0x00007ff803f20000 - 0x00007ff803f3a000 	C:\Windows\SYSTEM32\dhcpcsvc.DLL

VM Arguments:
jvm_args: -Xmx1536m -Dfile.encoding=windows-1252 -Duser.country=US -Duser.language=en -Duser.variant 
java_command: org.gradle.launcher.daemon.bootstrap.GradleDaemon 5.4.1
java_class_path (initial): C:\Users\user\.gradle\wrapper\dists\gradle-5.4.1-all\3221gyojl5jsh0helicew7rwx\gradle-5.4.1\lib\gradle-launcher-5.4.1.jar
Launcher Type: SUN_STANDARD

Environment Variables:
JAVA_HOME=C:\Program Files\Java\jdk1.8.0_231
PATH=C:\Windows\system32;C:\Windows;C:\Windows\System32\Wbem;C:\Windows\System32\WindowsPowerShell\v1.0\;C:\Program Files\Java\jdk-11.0.2\bin;C:\Program Files\Java\jdk1.8.0_231\bin;C:\Users\user\AppData\Local\Programs\Python\Python38;C:\Program Files\Git\cmd;C:\Program Files\Java\jdk-11.0.2\bin;C:\Program Files\Java\jdk1.8.0_231\bin;%DASHLANE_DLL_DIR%
USERNAME=JUST
OS=Windows_NT
PROCESSOR_IDENTIFIER=Intel64 Family 6 Model 69 Stepping 1, GenuineIntel



---------------  S Y S T E M  ---------------

OS: Windows 10.0 , 64 bit Build 10240 (10.0.10240.16384)

CPU:total 4 (initial active 4) (2 cores per cpu, 2 threads per core) family 6 model 69 stepping 1, cmov, cx8, fxsr, mmx, sse, sse2, sse3, ssse3, sse4.1, sse4.2, popcnt, avx, avx2, aes, clmul, erms, lzcnt, ht, tsc, tscinvbit, bmi1, bmi2

Memory: 4k page, physical 3874620k(249536k free), swap 5275452k(5368k free)

vm_info: OpenJDK 64-Bit Server VM (25.202-b03) for windows-amd64 JRE (1.8.0_202-release-1483-b03), built by "builder" with MS VC++ 10.0 (VS2010)

time: Tue Apr 21 11:26:16 2020
timezone: E. Africa Standard Time
elapsed time: 7 seconds (0d 0h 0m 7s)

